./account-financial-tools
From https://github.com/oca/account-financial-tools
 * branch              14.0       -> FETCH_HEAD
   c8fe8077..3165f4fa  14.0       -> origin/14.0
Updating c8fe8077..3165f4fa
Fast-forward
 .copier-answers.yml                                |   2 +-
 .eslintrc.yml                                      |   6 +
 .github/workflows/pre-commit.yml                   |   5 +-
 CONTRIBUTING.md                                    |  10 -
 README.md                                          |   7 +-
 account_asset_management/__manifest__.py           |   2 +-
 .../i18n/account_asset_management.pot              |  54 +--
 account_asset_management/i18n/am.po                |  54 +--
 account_asset_management/i18n/ar.po                |  57 +--
 account_asset_management/i18n/bg.po                |  54 +--
 account_asset_management/i18n/bs.po                |  57 +--
 account_asset_management/i18n/ca.po                |  57 +--
 account_asset_management/i18n/ca_ES.po             |  54 +--
 account_asset_management/i18n/cs.po                |  57 +--
 account_asset_management/i18n/da.po                |  54 +--
 account_asset_management/i18n/de.po                |  75 ++--
 account_asset_management/i18n/el_GR.po             |  54 +--
 account_asset_management/i18n/en_AU.po             |  54 +--
 account_asset_management/i18n/en_GB.po             |  57 +--
 account_asset_management/i18n/es.po                |  75 ++--
 account_asset_management/i18n/es_AR.po             |  54 +--
 account_asset_management/i18n/es_CL.po             |  54 +--
 account_asset_management/i18n/es_CO.po             |  54 +--
 account_asset_management/i18n/es_CR.po             |  57 +--
 account_asset_management/i18n/es_DO.po             |  54 +--
 account_asset_management/i18n/es_EC.po             |  57 +--
 account_asset_management/i18n/es_ES.po             |  54 +--
 account_asset_management/i18n/es_MX.po             |  57 +--
 account_asset_management/i18n/es_PE.po             |  54 +--
 account_asset_management/i18n/es_PY.po             |  54 +--
 account_asset_management/i18n/es_VE.po             |  57 +--
 account_asset_management/i18n/et.po                |  57 +--
 account_asset_management/i18n/eu.po                |  54 +--
 account_asset_management/i18n/fa.po                |  54 +--
 account_asset_management/i18n/fi.po                |  57 +--
 account_asset_management/i18n/fr.po                |  75 ++--
 account_asset_management/i18n/fr_BE.po             |  54 +--
 account_asset_management/i18n/fr_CA.po             |  54 +--
 account_asset_management/i18n/fr_CH.po             |  54 +--
 account_asset_management/i18n/fr_FR.po             |  75 ++--
 account_asset_management/i18n/gl.po                |  63 ++-
 account_asset_management/i18n/gl_ES.po             |  54 +--
 account_asset_management/i18n/gu.po                |  57 +--
 account_asset_management/i18n/he.po                |  54 +--
 account_asset_management/i18n/hi.po                |  54 +--
 account_asset_management/i18n/hr.po                |  57 +--
 account_asset_management/i18n/hr_HR.po             |  54 +--
 account_asset_management/i18n/hu.po                |  57 +--
 account_asset_management/i18n/id.po                |  54 +--
 account_asset_management/i18n/it.po                |  60 ++-
 account_asset_management/i18n/ja.po                |  57 +--
 account_asset_management/i18n/ko.po                |  54 +--
 account_asset_management/i18n/lo.po                |  54 +--
 account_asset_management/i18n/lt.po                |  57 +--
 account_asset_management/i18n/lt_LT.po             |  54 +--
 account_asset_management/i18n/lv.po                |  54 +--
 account_asset_management/i18n/mk.po                |  57 +--
 account_asset_management/i18n/mn.po                |  57 +--
 account_asset_management/i18n/nb.po                |  57 +--
 account_asset_management/i18n/nb_NO.po             |  54 +--
 account_asset_management/i18n/nl.po                |  74 ++--
 account_asset_management/i18n/nl_BE.po             |  57 +--
 account_asset_management/i18n/pl.po                |  57 +--
 account_asset_management/i18n/pt.po                |  75 ++--
 account_asset_management/i18n/pt_BR.po             |  75 ++--
 account_asset_management/i18n/pt_PT.po             |  75 ++--
 account_asset_management/i18n/ro.po                |  57 +--
 account_asset_management/i18n/ru.po                |  57 +--
 account_asset_management/i18n/sk.po                |  54 +--
 account_asset_management/i18n/sk_SK.po             |  54 +--
 account_asset_management/i18n/sl.po                |  75 ++--
 account_asset_management/i18n/sr.po                |  54 +--
 account_asset_management/i18n/sr@latin.po          |  54 +--
 account_asset_management/i18n/sv.po                |  57 +--
 account_asset_management/i18n/th.po                |  57 +--
 account_asset_management/i18n/tr.po                |  57 +--
 account_asset_management/i18n/tr_TR.po             |  54 +--
 account_asset_management/i18n/uk.po                |  54 +--
 account_asset_management/i18n/vi.po                |  54 +--
 account_asset_management/i18n/vi_VN.po             |  54 +--
 account_asset_management/i18n/zh_CN.po             |  60 ++-
 account_asset_management/i18n/zh_TW.po             |  57 +--
 .../models/account_asset_line.py                   |   4 +-
 account_asset_management/views/account_asset.xml   | 144 +++----
 .../views/account_asset_group.xml                  |   2 +-
 .../views/account_asset_profile.xml                |  98 +++--
 account_asset_management/views/account_move.xml    |   7 +-
 account_move_line_purchase_info/__manifest__.py    |   2 +-
 .../views/account_move_view.xml                    |   2 +
 account_move_line_sale_info/README.rst             |  65 +++
 account_move_line_sale_info/__init__.py            |   4 +
 account_move_line_sale_info/__manifest__.py        |  20 +
 account_move_line_sale_info/hooks.py               |  70 ++++
 .../i18n/account_move_line_sale_info.pot           |  79 ++++
 account_move_line_sale_info/models/__init__.py     |   5 +
 account_move_line_sale_info/models/account_move.py |  70 ++++
 .../models/sale_order_line.py                      |  25 ++
 account_move_line_sale_info/models/stock_move.py   |  18 +
 .../security/account_security.xml                  |   8 +
 .../static/description/icon.png                    | Bin 0 -> 9455 bytes
 account_move_line_sale_info/tests/__init__.py      |   3 +
 .../tests/test_account_move_line_sale_info.py      | 244 ++++++++++++
 .../views/account_move_view.xml                    |  95 +++++
 account_netting/README.rst                         |  97 +++++
 account_netting/__init__.py                        |   4 +
 account_netting/__manifest__.py                    |  19 +
 account_netting/i18n/account_netting.pot           | 148 +++++++
 account_netting/i18n/am.po                         | 154 +++++++
 account_netting/i18n/ar.po                         | 155 ++++++++
 account_netting/i18n/bg.po                         | 154 +++++++
 account_netting/i18n/bs.po                         | 155 ++++++++
 account_netting/i18n/ca.po                         | 154 +++++++
 account_netting/i18n/ca_ES.po                      | 155 ++++++++
 account_netting/i18n/cs.po                         | 154 +++++++
 account_netting/i18n/da.po                         | 154 +++++++
 account_netting/i18n/de.po                         | 170 ++++++++
 account_netting/i18n/el_GR.po                      | 155 ++++++++
 account_netting/i18n/en_AU.po                      | 155 ++++++++
 account_netting/i18n/en_GB.po                      | 155 ++++++++
 account_netting/i18n/es.po                         | 170 ++++++++
 account_netting/i18n/es_AR.po                      | 155 ++++++++
 account_netting/i18n/es_CL.po                      | 155 ++++++++
 account_netting/i18n/es_CO.po                      | 155 ++++++++
 account_netting/i18n/es_CR.po                      | 155 ++++++++
 account_netting/i18n/es_DO.po                      | 155 ++++++++
 account_netting/i18n/es_EC.po                      | 155 ++++++++
 account_netting/i18n/es_ES.po                      | 155 ++++++++
 account_netting/i18n/es_MX.po                      | 155 ++++++++
 account_netting/i18n/es_PE.po                      | 155 ++++++++
 account_netting/i18n/es_PY.po                      | 155 ++++++++
 account_netting/i18n/es_VE.po                      | 155 ++++++++
 account_netting/i18n/et.po                         | 154 +++++++
 account_netting/i18n/eu.po                         | 154 +++++++
 account_netting/i18n/fa.po                         | 154 +++++++
 account_netting/i18n/fi.po                         | 154 +++++++
 account_netting/i18n/fr.po                         | 162 ++++++++
 account_netting/i18n/fr_CA.po                      | 155 ++++++++
 account_netting/i18n/fr_CH.po                      | 155 ++++++++
 account_netting/i18n/fr_FR.po                      | 155 ++++++++
 account_netting/i18n/gl.po                         | 154 +++++++
 account_netting/i18n/gl_ES.po                      | 155 ++++++++
 account_netting/i18n/gu.po                         | 154 +++++++
 account_netting/i18n/he.po                         | 154 +++++++
 account_netting/i18n/hi.po                         | 154 +++++++
 account_netting/i18n/hr.po                         | 160 ++++++++
 account_netting/i18n/hr_HR.po                      | 156 ++++++++
 account_netting/i18n/hu.po                         | 154 +++++++
 account_netting/i18n/id.po                         | 154 +++++++
 account_netting/i18n/it.po                         | 154 +++++++
 account_netting/i18n/ja.po                         | 154 +++++++
 account_netting/i18n/ko.po                         | 154 +++++++
 account_netting/i18n/lo.po                         | 154 +++++++
 account_netting/i18n/lt.po                         | 155 ++++++++
 account_netting/i18n/lt_LT.po                      | 156 ++++++++
 account_netting/i18n/lv.po                         | 155 ++++++++
 account_netting/i18n/mk.po                         | 154 +++++++
 account_netting/i18n/mn.po                         | 154 +++++++
 account_netting/i18n/nb.po                         | 155 ++++++++
 account_netting/i18n/nb_NO.po                      | 155 ++++++++
 account_netting/i18n/nl.po                         | 154 +++++++
 account_netting/i18n/nl_BE.po                      | 155 ++++++++
 account_netting/i18n/pl.po                         | 156 ++++++++
 account_netting/i18n/pt.po                         | 170 ++++++++
 account_netting/i18n/pt_BR.po                      | 164 ++++++++
 account_netting/i18n/pt_PT.po                      | 155 ++++++++
 account_netting/i18n/ro.po                         | 155 ++++++++
 account_netting/i18n/ru.po                         | 156 ++++++++
 account_netting/i18n/sk.po                         | 154 +++++++
 account_netting/i18n/sl.po                         | 155 ++++++++
 account_netting/i18n/sr.po                         | 155 ++++++++
 account_netting/i18n/sr@latin.po                   | 156 ++++++++
 account_netting/i18n/sv.po                         | 154 +++++++
 account_netting/i18n/th.po                         | 154 +++++++
 account_netting/i18n/tr.po                         | 154 +++++++
 account_netting/i18n/tr_TR.po                      | 155 ++++++++
 account_netting/i18n/uk.po                         | 155 ++++++++
 account_netting/i18n/vi.po                         | 154 +++++++
 account_netting/i18n/vi_VN.po                      | 155 ++++++++
 account_netting/i18n/zh_CN.po                      | 155 ++++++++
 account_netting/i18n/zh_TW.po                      | 155 ++++++++
 account_netting/readme/CONTRIBUTORS.rst            |   2 +
 account_netting/readme/DESCRIPTION.rst             |   8 +
 account_netting/readme/USAGE.rst                   |  12 +
 account_netting/security/ir.model.access.csv       |   2 +
 account_netting/static/description/icon.png        | Bin 0 -> 9455 bytes
 account_netting/static/description/index.html      | 441 +++++++++++++++++++++
 account_netting/tests/__init__.py                  |   4 +
 account_netting/tests/test_account_netting.py      | 330 +++++++++++++++
 account_netting/wizards/__init__.py                |   4 +
 .../wizards/account_move_make_netting.py           | 133 +++++++
 .../wizards/account_move_make_netting_view.xml     |  40 ++
 setup/_metapackage/VERSION.txt                     |   2 +-
 setup/_metapackage/setup.py                        |   3 +
 .../odoo/addons/account_move_line_sale_info        |   1 +
 setup/account_move_line_sale_info/setup.py         |   6 +
 setup/account_netting/odoo/addons/account_netting  |   1 +
 setup/account_netting/setup.py                     |   6 +
 ...tock_account_prepare_anglo_saxon_out_lines_hook |   1 +
 .../setup.py                                       |   6 +
 .../README.rst                                     |  63 +++
 .../__init__.py                                    |   4 +
 .../__manifest__.py                                |  15 +
 .../hooks.py                                       |  57 +++
 ..._account_prepare_anglo_saxon_out_lines_hook.pot |  42 ++
 .../models/__init__.py                             |   4 +
 .../models/account_move.py                         |  49 +++
 .../models/account_move_line.py                    |  15 +
 .../static/description/icon.png                    | Bin 0 -> 9455 bytes
 208 files changed, 15341 insertions(+), 2928 deletions(-)
 delete mode 100644 CONTRIBUTING.md
 create mode 100644 account_move_line_sale_info/README.rst
 create mode 100644 account_move_line_sale_info/__init__.py
 create mode 100644 account_move_line_sale_info/__manifest__.py
 create mode 100644 account_move_line_sale_info/hooks.py
 create mode 100644 account_move_line_sale_info/i18n/account_move_line_sale_info.pot
 create mode 100644 account_move_line_sale_info/models/__init__.py
 create mode 100644 account_move_line_sale_info/models/account_move.py
 create mode 100644 account_move_line_sale_info/models/sale_order_line.py
 create mode 100644 account_move_line_sale_info/models/stock_move.py
 create mode 100644 account_move_line_sale_info/security/account_security.xml
 create mode 100644 account_move_line_sale_info/static/description/icon.png
 create mode 100644 account_move_line_sale_info/tests/__init__.py
 create mode 100644 account_move_line_sale_info/tests/test_account_move_line_sale_info.py
 create mode 100644 account_move_line_sale_info/views/account_move_view.xml
 create mode 100644 account_netting/README.rst
 create mode 100644 account_netting/__init__.py
 create mode 100644 account_netting/__manifest__.py
 create mode 100644 account_netting/i18n/account_netting.pot
 create mode 100644 account_netting/i18n/am.po
 create mode 100644 account_netting/i18n/ar.po
 create mode 100644 account_netting/i18n/bg.po
 create mode 100644 account_netting/i18n/bs.po
 create mode 100644 account_netting/i18n/ca.po
 create mode 100644 account_netting/i18n/ca_ES.po
 create mode 100644 account_netting/i18n/cs.po
 create mode 100644 account_netting/i18n/da.po
 create mode 100644 account_netting/i18n/de.po
 create mode 100644 account_netting/i18n/el_GR.po
 create mode 100644 account_netting/i18n/en_AU.po
 create mode 100644 account_netting/i18n/en_GB.po
 create mode 100644 account_netting/i18n/es.po
 create mode 100644 account_netting/i18n/es_AR.po
 create mode 100644 account_netting/i18n/es_CL.po
 create mode 100644 account_netting/i18n/es_CO.po
 create mode 100644 account_netting/i18n/es_CR.po
 create mode 100644 account_netting/i18n/es_DO.po
 create mode 100644 account_netting/i18n/es_EC.po
 create mode 100644 account_netting/i18n/es_ES.po
 create mode 100644 account_netting/i18n/es_MX.po
 create mode 100644 account_netting/i18n/es_PE.po
 create mode 100644 account_netting/i18n/es_PY.po
 create mode 100644 account_netting/i18n/es_VE.po
 create mode 100644 account_netting/i18n/et.po
 create mode 100644 account_netting/i18n/eu.po
 create mode 100644 account_netting/i18n/fa.po
 create mode 100644 account_netting/i18n/fi.po
 create mode 100644 account_netting/i18n/fr.po
 create mode 100644 account_netting/i18n/fr_CA.po
 create mode 100644 account_netting/i18n/fr_CH.po
 create mode 100644 account_netting/i18n/fr_FR.po
 create mode 100644 account_netting/i18n/gl.po
 create mode 100644 account_netting/i18n/gl_ES.po
 create mode 100644 account_netting/i18n/gu.po
 create mode 100644 account_netting/i18n/he.po
 create mode 100644 account_netting/i18n/hi.po
 create mode 100644 account_netting/i18n/hr.po
 create mode 100644 account_netting/i18n/hr_HR.po
 create mode 100644 account_netting/i18n/hu.po
 create mode 100644 account_netting/i18n/id.po
 create mode 100644 account_netting/i18n/it.po
 create mode 100644 account_netting/i18n/ja.po
 create mode 100644 account_netting/i18n/ko.po
 create mode 100644 account_netting/i18n/lo.po
 create mode 100644 account_netting/i18n/lt.po
 create mode 100644 account_netting/i18n/lt_LT.po
 create mode 100644 account_netting/i18n/lv.po
 create mode 100644 account_netting/i18n/mk.po
 create mode 100644 account_netting/i18n/mn.po
 create mode 100644 account_netting/i18n/nb.po
 create mode 100644 account_netting/i18n/nb_NO.po
 create mode 100644 account_netting/i18n/nl.po
 create mode 100644 account_netting/i18n/nl_BE.po
 create mode 100644 account_netting/i18n/pl.po
 create mode 100644 account_netting/i18n/pt.po
 create mode 100644 account_netting/i18n/pt_BR.po
 create mode 100644 account_netting/i18n/pt_PT.po
 create mode 100644 account_netting/i18n/ro.po
 create mode 100644 account_netting/i18n/ru.po
 create mode 100644 account_netting/i18n/sk.po
 create mode 100644 account_netting/i18n/sl.po
 create mode 100644 account_netting/i18n/sr.po
 create mode 100644 account_netting/i18n/sr@latin.po
 create mode 100644 account_netting/i18n/sv.po
 create mode 100644 account_netting/i18n/th.po
 create mode 100644 account_netting/i18n/tr.po
 create mode 100644 account_netting/i18n/tr_TR.po
 create mode 100644 account_netting/i18n/uk.po
 create mode 100644 account_netting/i18n/vi.po
 create mode 100644 account_netting/i18n/vi_VN.po
 create mode 100644 account_netting/i18n/zh_CN.po
 create mode 100644 account_netting/i18n/zh_TW.po
 create mode 100644 account_netting/readme/CONTRIBUTORS.rst
 create mode 100644 account_netting/readme/DESCRIPTION.rst
 create mode 100644 account_netting/readme/USAGE.rst
 create mode 100644 account_netting/security/ir.model.access.csv
 create mode 100644 account_netting/static/description/icon.png
 create mode 100644 account_netting/static/description/index.html
 create mode 100644 account_netting/tests/__init__.py
 create mode 100644 account_netting/tests/test_account_netting.py
 create mode 100644 account_netting/wizards/__init__.py
 create mode 100644 account_netting/wizards/account_move_make_netting.py
 create mode 100644 account_netting/wizards/account_move_make_netting_view.xml
 create mode 120000 setup/account_move_line_sale_info/odoo/addons/account_move_line_sale_info
 create mode 100644 setup/account_move_line_sale_info/setup.py
 create mode 120000 setup/account_netting/odoo/addons/account_netting
 create mode 100644 setup/account_netting/setup.py
 create mode 120000 setup/stock_account_prepare_anglo_saxon_out_lines_hook/odoo/addons/stock_account_prepare_anglo_saxon_out_lines_hook
 create mode 100644 setup/stock_account_prepare_anglo_saxon_out_lines_hook/setup.py
 create mode 100644 stock_account_prepare_anglo_saxon_out_lines_hook/README.rst
 create mode 100644 stock_account_prepare_anglo_saxon_out_lines_hook/__init__.py
 create mode 100644 stock_account_prepare_anglo_saxon_out_lines_hook/__manifest__.py
 create mode 100644 stock_account_prepare_anglo_saxon_out_lines_hook/hooks.py
 create mode 100644 stock_account_prepare_anglo_saxon_out_lines_hook/i18n/stock_account_prepare_anglo_saxon_out_lines_hook.pot
 create mode 100644 stock_account_prepare_anglo_saxon_out_lines_hook/models/__init__.py
 create mode 100644 stock_account_prepare_anglo_saxon_out_lines_hook/models/account_move.py
 create mode 100644 stock_account_prepare_anglo_saxon_out_lines_hook/models/account_move_line.py
 create mode 100644 stock_account_prepare_anglo_saxon_out_lines_hook/static/description/icon.png
./bank-payment
From https://github.com/oca/bank-payment
 * branch              14.0       -> FETCH_HEAD
   dbd48acc..c4fc13f2  14.0       -> origin/14.0
Updating dbd48acc..c4fc13f2
Fast-forward
 .copier-answers.yml                                |    2 +-
 .eslintrc.yml                                      |    6 +
 .github/workflows/pre-commit.yml                   |    5 +-
 CONTRIBUTING.md                                    |   10 -
 README.md                                          |   15 +-
 account_banking_mandate/__manifest__.py            |    2 +-
 account_banking_mandate/i18n/ca.po                 |   54 +-
 account_banking_mandate/models/res_partner_bank.py |    2 +-
 account_banking_mandate_sale/README.rst            |   82 ++
 account_banking_mandate_sale/__init__.py           |    2 +
 account_banking_mandate_sale/__manifest__.py       |   21 +
 .../i18n/account_banking_mandate_sale.pot          |   59 +
 account_banking_mandate_sale/i18n/ca.po            |   64 +
 account_banking_mandate_sale/i18n/ca_ES.po         |   45 +
 account_banking_mandate_sale/i18n/de.po            |   55 +
 account_banking_mandate_sale/i18n/es.po            |   54 +
 account_banking_mandate_sale/i18n/hr.po            |   53 +
 account_banking_mandate_sale/i18n/nl.po            |   52 +
 account_banking_mandate_sale/i18n/nl_NL.po         |   52 +
 account_banking_mandate_sale/i18n/pt_BR.po         |   54 +
 account_banking_mandate_sale/i18n/sl.po            |   55 +
 account_banking_mandate_sale/models/__init__.py    |    1 +
 account_banking_mandate_sale/models/sale_order.py  |   49 +
 account_banking_mandate_sale/oca_dependencies.txt  |    1 +
 .../readme/CONFIGURATION.rst                       |    1 +
 .../readme/CONTRIBUTORS.rst                        |    2 +
 .../readme/DESCRIPTION.rst                         |    1 +
 account_banking_mandate_sale/readme/USAGE.rst      |    4 +
 .../static/description/icon.png                    |  Bin 0 -> 9455 bytes
 .../static/description/index.html                  |  427 +++++++
 account_banking_mandate_sale/views/sale_order.xml  |   24 +
 account_banking_mandate_sale/wizard/__init__.py    |    1 +
 .../wizard/sale_make_invoice_advance.py            |   15 +
 account_banking_pain_base/__manifest__.py          |    2 +-
 .../models/account_payment_order.py                |   59 +
 .../views/account_payment_line.xml                 |   14 +
 .../views/account_payment_order.xml                |   16 +-
 .../views/bank_payment_line_view.xml               |   11 +
 .../__manifest__.py                                |    2 +-
 .../tests/test_sct.py                              |   26 +-
 account_banking_sepa_direct_debit/__manifest__.py  |    2 +-
 .../i18n/account_banking_sepa_direct_debit.pot     |    4 +-
 account_banking_sepa_direct_debit/i18n/de.po       |    4 +-
 account_banking_sepa_direct_debit/i18n/es.po       |    4 +-
 account_banking_sepa_direct_debit/i18n/es_AR.po    |   26 +-
 account_banking_sepa_direct_debit/i18n/fr.po       |    4 +-
 account_banking_sepa_direct_debit/i18n/hr.po       |    4 +-
 account_banking_sepa_direct_debit/i18n/it.po       |    4 +-
 account_banking_sepa_direct_debit/i18n/nb_NO.po    |    4 +-
 account_banking_sepa_direct_debit/i18n/nl.po       |   17 +-
 account_banking_sepa_direct_debit/i18n/pt_BR.po    |    4 +-
 account_banking_sepa_direct_debit/i18n/sl.po       |    4 +-
 .../reports/sepa_direct_debit_mandate.xml          |    2 +-
 account_payment_mode/__manifest__.py               |    2 +-
 account_payment_mode/i18n/ca.po                    |   75 +-
 account_payment_mode/i18n/it.po                    |   57 +-
 account_payment_mode/i18n/sv.po                    |  374 ++++++
 account_payment_mode/i18n/sv_SE.po                 |  333 +++++
 .../models/account_payment_mode.py                 |    3 +-
 .../views/account_payment_mode.xml                 |    2 -
 account_payment_order/__manifest__.py              |    2 +-
 .../i18n/account_payment_order.pot                 |  100 +-
 account_payment_order/i18n/am.po                   |  131 +-
 account_payment_order/i18n/ar.po                   |  131 +-
 account_payment_order/i18n/ca.po                   |  204 +--
 account_payment_order/i18n/ca_ES.po                |  131 +-
 account_payment_order/i18n/cs.po                   |  131 +-
 account_payment_order/i18n/da_DK.po                |  131 +-
 account_payment_order/i18n/de.po                   |  139 +--
 account_payment_order/i18n/el_GR.po                |  131 +-
 account_payment_order/i18n/es.po                   |  169 ++-
 account_payment_order/i18n/es_AR.po                |  226 ++--
 account_payment_order/i18n/es_CL.po                |  197 ++-
 account_payment_order/i18n/es_CR.po                |  131 +-
 account_payment_order/i18n/es_EC.po                |  131 +-
 account_payment_order/i18n/es_ES.po                |  131 +-
 account_payment_order/i18n/es_MX.po                |  131 +-
 account_payment_order/i18n/es_VE.po                |  131 +-
 account_payment_order/i18n/et.po                   |  131 +-
 account_payment_order/i18n/fi.po                   |  131 +-
 account_payment_order/i18n/fr.po                   |  203 +--
 account_payment_order/i18n/fr_FR.po                |  187 ++-
 account_payment_order/i18n/gl.po                   |  131 +-
 account_payment_order/i18n/hr.po                   |  131 +-
 account_payment_order/i18n/it.po                   |  131 +-
 account_payment_order/i18n/lt.po                   |  131 +-
 account_payment_order/i18n/nb_NO.po                |  137 +-
 account_payment_order/i18n/nl.po                   |  145 +--
 account_payment_order/i18n/nl_BE.po                |  131 +-
 account_payment_order/i18n/nl_NL.po                |  131 +-
 account_payment_order/i18n/pl.po                   |  131 +-
 account_payment_order/i18n/pt.po                   |  131 +-
 account_payment_order/i18n/pt_BR.po                |  131 +-
 account_payment_order/i18n/pt_PT.po                |  131 +-
 account_payment_order/i18n/ro.po                   |  131 +-
 account_payment_order/i18n/ru.po                   |  131 +-
 account_payment_order/i18n/sl.po                   |  131 +-
 account_payment_order/i18n/sv.po                   | 1302 ++++++++++++++++++++
 account_payment_order/i18n/th.po                   |  131 +-
 account_payment_order/i18n/tr.po                   |  131 +-
 account_payment_order/i18n/vi.po                   |  131 +-
 .../migrations/14.0.1.3.0/pre-migration.py         |   10 +
 account_payment_order/models/account_move.py       |    1 -
 .../models/account_payment_line.py                 |    4 +-
 .../models/account_payment_mode.py                 |   80 +-
 .../models/account_payment_order.py                |   75 +-
 account_payment_order/tests/test_payment_mode.py   |   37 -
 .../tests/test_payment_order_inbound.py            |    2 +-
 .../tests/test_payment_order_outbound.py           |   12 +-
 .../views/account_invoice_view.xml                 |   21 +-
 .../views/account_payment_line.xml                 |    8 +-
 .../views/account_payment_mode.xml                 |   15 -
 .../views/account_payment_order.xml                |   65 +-
 account_payment_order/views/bank_payment_line.xml  |    4 +-
 account_payment_partner/__manifest__.py            |    2 +-
 account_payment_partner/i18n/it.po                 |  252 ++++
 .../views/account_move_view.xml                    |    2 +-
 setup/_metapackage/VERSION.txt                     |    2 +-
 setup/_metapackage/setup.py                        |    1 +
 .../odoo/addons/account_banking_mandate_sale       |    1 +
 setup/account_banking_mandate_sale/setup.py        |    6 +
 121 files changed, 6233 insertions(+), 3506 deletions(-)
 delete mode 100644 CONTRIBUTING.md
 create mode 100644 account_banking_mandate_sale/README.rst
 create mode 100644 account_banking_mandate_sale/__init__.py
 create mode 100644 account_banking_mandate_sale/__manifest__.py
 create mode 100644 account_banking_mandate_sale/i18n/account_banking_mandate_sale.pot
 create mode 100644 account_banking_mandate_sale/i18n/ca.po
 create mode 100644 account_banking_mandate_sale/i18n/ca_ES.po
 create mode 100644 account_banking_mandate_sale/i18n/de.po
 create mode 100644 account_banking_mandate_sale/i18n/es.po
 create mode 100644 account_banking_mandate_sale/i18n/hr.po
 create mode 100644 account_banking_mandate_sale/i18n/nl.po
 create mode 100644 account_banking_mandate_sale/i18n/nl_NL.po
 create mode 100644 account_banking_mandate_sale/i18n/pt_BR.po
 create mode 100644 account_banking_mandate_sale/i18n/sl.po
 create mode 100644 account_banking_mandate_sale/models/__init__.py
 create mode 100644 account_banking_mandate_sale/models/sale_order.py
 create mode 100644 account_banking_mandate_sale/oca_dependencies.txt
 create mode 100644 account_banking_mandate_sale/readme/CONFIGURATION.rst
 create mode 100644 account_banking_mandate_sale/readme/CONTRIBUTORS.rst
 create mode 100644 account_banking_mandate_sale/readme/DESCRIPTION.rst
 create mode 100644 account_banking_mandate_sale/readme/USAGE.rst
 create mode 100644 account_banking_mandate_sale/static/description/icon.png
 create mode 100644 account_banking_mandate_sale/static/description/index.html
 create mode 100644 account_banking_mandate_sale/views/sale_order.xml
 create mode 100644 account_banking_mandate_sale/wizard/__init__.py
 create mode 100644 account_banking_mandate_sale/wizard/sale_make_invoice_advance.py
 create mode 100644 account_payment_mode/i18n/sv.po
 create mode 100644 account_payment_mode/i18n/sv_SE.po
 create mode 100644 account_payment_order/i18n/sv.po
 create mode 100644 account_payment_order/migrations/14.0.1.3.0/pre-migration.py
 create mode 100644 account_payment_partner/i18n/it.po
 create mode 120000 setup/account_banking_mandate_sale/odoo/addons/account_banking_mandate_sale
 create mode 100644 setup/account_banking_mandate_sale/setup.py
./community-data-files
From https://github.com/oca/community-data-files
 * branch            14.0       -> FETCH_HEAD
   9d4cc55..ce1cbf7  14.0       -> origin/14.0
Updating 9d4cc55..ce1cbf7
Fast-forward
 .copier-answers.yml              |  2 +-
 .eslintrc.yml                    |  6 ++++++
 .github/workflows/pre-commit.yml |  5 ++++-
 CONTRIBUTING.md                  | 10 ----------
 4 files changed, 11 insertions(+), 12 deletions(-)
 delete mode 100644 CONTRIBUTING.md
./l10n-spain
From https://github.com/oca/l10n-spain
 * branch                14.0       -> FETCH_HEAD
   dfe95ef6d..c89ce1a94  14.0       -> origin/14.0
Updating dfe95ef6d..c89ce1a94
Fast-forward
 .copier-answers.yml                                |   2 +-
 .eslintrc.yml                                      |   6 +
 .github/workflows/pre-commit.yml                   |   5 +-
 CONTRIBUTING.md                                    |  10 -
 README.md                                          |   5 +-
 delivery_dhl_parcel/README.rst                     |   4 -
 delivery_dhl_parcel/__manifest__.py                |   2 +-
 delivery_dhl_parcel/i18n/delivery_dhl_parcel.pot   |  35 +-
 delivery_dhl_parcel/i18n/es.po                     |  42 +-
 delivery_dhl_parcel/models/delivery_carrier.py     |   6 -
 delivery_dhl_parcel/models/dhl_parcel_request.py   |  17 +-
 delivery_dhl_parcel/readme/USAGE.rst               |   4 -
 delivery_dhl_parcel/static/description/index.html  |   4 -
 .../views/delivery_carrier_view.xml                |  13 -
 .../models/l10n_es_aeat_report_tax_mapping.py      |  11 +-
 l10n_es_aeat/models/res_company.py                 |   4 +-
 l10n_es_aeat_mod303_oss/README.rst                 |  79 ++++
 l10n_es_aeat_mod303_oss/__init__.py                |   1 +
 l10n_es_aeat_mod303_oss/__manifest__.py            |  16 +
 .../data/tax_code_map_mod303_data.xml              |  50 +++
 .../i18n/l10n_es_aeat_mod303_oss.pot               |  34 ++
 l10n_es_aeat_mod303_oss/models/__init__.py         |   1 +
 l10n_es_aeat_mod303_oss/models/mod303.py           |  48 +++
 l10n_es_aeat_mod303_oss/readme/CONTRIBUTORS.rst    |   5 +
 l10n_es_aeat_mod303_oss/readme/DESCRIPTION.rst     |   2 +
 .../static/description/icon.png                    | Bin 0 -> 6750 bytes
 .../static/description/icon_source.svg             | 113 ++++++
 .../static/description/index.html                  | 426 +++++++++++++++++++++
 l10n_es_aeat_mod303_oss/tests/__init__.py          |   1 +
 .../tests/test_l10n_es_aeat_mod303_oss.py          |  72 ++++
 l10n_es_aeat_sii_oca/__manifest__.py               |   2 +-
 .../data/aeat_sii_tax_agency_data.xml              |  90 +++++
 l10n_es_aeat_sii_oca/models/account_move.py        |  39 +-
 setup/_metapackage/VERSION.txt                     |   2 +-
 setup/_metapackage/setup.py                        |   1 +
 .../odoo/addons/l10n_es_aeat_mod303_oss            |   1 +
 setup/l10n_es_aeat_mod303_oss/setup.py             |   6 +
 37 files changed, 1032 insertions(+), 127 deletions(-)
 delete mode 100644 CONTRIBUTING.md
 create mode 100644 l10n_es_aeat_mod303_oss/README.rst
 create mode 100644 l10n_es_aeat_mod303_oss/__init__.py
 create mode 100644 l10n_es_aeat_mod303_oss/__manifest__.py
 create mode 100644 l10n_es_aeat_mod303_oss/data/tax_code_map_mod303_data.xml
 create mode 100644 l10n_es_aeat_mod303_oss/i18n/l10n_es_aeat_mod303_oss.pot
 create mode 100644 l10n_es_aeat_mod303_oss/models/__init__.py
 create mode 100644 l10n_es_aeat_mod303_oss/models/mod303.py
 create mode 100644 l10n_es_aeat_mod303_oss/readme/CONTRIBUTORS.rst
 create mode 100644 l10n_es_aeat_mod303_oss/readme/DESCRIPTION.rst
 create mode 100644 l10n_es_aeat_mod303_oss/static/description/icon.png
 create mode 100644 l10n_es_aeat_mod303_oss/static/description/icon_source.svg
 create mode 100644 l10n_es_aeat_mod303_oss/static/description/index.html
 create mode 100644 l10n_es_aeat_mod303_oss/tests/__init__.py
 create mode 100644 l10n_es_aeat_mod303_oss/tests/test_l10n_es_aeat_mod303_oss.py
 create mode 120000 setup/l10n_es_aeat_mod303_oss/odoo/addons/l10n_es_aeat_mod303_oss
 create mode 100644 setup/l10n_es_aeat_mod303_oss/setup.py
./partner-contact
From https://github.com/oca/partner-contact
 * branch              14.0       -> FETCH_HEAD
   01e75383..4d32158a  14.0       -> origin/14.0
Updating 01e75383..4d32158a
Fast-forward
 .copier-answers.yml                                |   2 +-
 .eslintrc.yml                                      |   6 +
 .github/workflows/pre-commit.yml                   |   5 +-
 CONTRIBUTING.md                                    |  10 -
 README.md                                          |   4 +-
 partner_contact_birthdate/i18n/pt.po               |  11 +-
 partner_contact_gender/i18n/pt.po                  |  15 +-
 .../i18n/pt.po                                     |  22 +
 partner_identification/__manifest__.py             |   2 +-
 partner_identification/i18n/am.po                  |  34 +-
 partner_identification/i18n/ar.po                  |  34 +-
 partner_identification/i18n/bg.po                  |  34 +-
 partner_identification/i18n/bs.po                  |  34 +-
 partner_identification/i18n/ca.po                  |  34 +-
 partner_identification/i18n/cs.po                  |  34 +-
 partner_identification/i18n/da.po                  |  34 +-
 partner_identification/i18n/de.po                  |  55 ++-
 partner_identification/i18n/el_GR.po               |  34 +-
 partner_identification/i18n/en_GB.po               |  34 +-
 partner_identification/i18n/es.po                  |  55 ++-
 partner_identification/i18n/es_AR.po               |  59 ++-
 partner_identification/i18n/es_CL.po               |  34 +-
 partner_identification/i18n/es_CO.po               |  34 +-
 partner_identification/i18n/es_CR.po               |  34 +-
 partner_identification/i18n/es_DO.po               |  34 +-
 partner_identification/i18n/es_EC.po               |  34 +-
 partner_identification/i18n/es_ES.po               |  34 +-
 partner_identification/i18n/es_MX.po               |  34 +-
 partner_identification/i18n/es_PE.po               |  34 +-
 partner_identification/i18n/es_PY.po               |  34 +-
 partner_identification/i18n/es_VE.po               |  34 +-
 partner_identification/i18n/et.po                  |  34 +-
 partner_identification/i18n/eu.po                  |  34 +-
 partner_identification/i18n/fa.po                  |  34 +-
 partner_identification/i18n/fi.po                  |  34 +-
 partner_identification/i18n/fr.po                  |  55 ++-
 partner_identification/i18n/fr_CA.po               |  34 +-
 partner_identification/i18n/fr_CH.po               |  34 +-
 partner_identification/i18n/gl.po                  |  34 +-
 partner_identification/i18n/gl_ES.po               |  34 +-
 partner_identification/i18n/he.po                  |  34 +-
 partner_identification/i18n/hr.po                  |  34 +-
 partner_identification/i18n/hr_HR.po               |  34 +-
 partner_identification/i18n/hu.po                  |  34 +-
 partner_identification/i18n/id.po                  |  34 +-
 partner_identification/i18n/it.po                  |  56 ++-
 partner_identification/i18n/ja.po                  |  34 +-
 partner_identification/i18n/ko.po                  |  34 +-
 partner_identification/i18n/lt.po                  |  34 +-
 partner_identification/i18n/lt_LT.po               |  34 +-
 partner_identification/i18n/lv.po                  |  34 +-
 partner_identification/i18n/mk.po                  |  34 +-
 partner_identification/i18n/mn.po                  |  34 +-
 partner_identification/i18n/nb.po                  |  34 +-
 partner_identification/i18n/nb_NO.po               |  34 +-
 partner_identification/i18n/nl.po                  |  34 +-
 partner_identification/i18n/nl_BE.po               |  34 +-
 partner_identification/i18n/nl_NL.po               |  34 +-
 .../i18n/partner_identification.pot                |   5 +
 partner_identification/i18n/pl.po                  |  34 +-
 partner_identification/i18n/pt.po                  |  34 +-
 partner_identification/i18n/pt_BR.po               |  34 +-
 partner_identification/i18n/pt_PT.po               |  59 ++-
 partner_identification/i18n/ro.po                  |  34 +-
 partner_identification/i18n/ru.po                  |  34 +-
 partner_identification/i18n/sk.po                  |  34 +-
 partner_identification/i18n/sl.po                  |  55 ++-
 partner_identification/i18n/sr.po                  |  34 +-
 partner_identification/i18n/sr@latin.po            |  34 +-
 partner_identification/i18n/sv.po                  |  34 +-
 partner_identification/i18n/th.po                  |  34 +-
 partner_identification/i18n/tr.po                  |  34 +-
 partner_identification/i18n/tr_TR.po               |  34 +-
 partner_identification/i18n/uk.po                  |  34 +-
 partner_identification/i18n/vi.po                  |  34 +-
 partner_identification/i18n/vi_VN.po               |  34 +-
 partner_identification/i18n/zh_CN.po               |  53 ++-
 partner_identification/i18n/zh_TW.po               |  34 +-
 .../models/res_partner_id_category.py              |   6 +
 partner_multi_relation/i18n/pt.po                  | 175 ++++----
 partner_phonecall_schedule/README.rst              |  95 +++++
 partner_phonecall_schedule/__init__.py             |   3 +
 partner_phonecall_schedule/__manifest__.py         |  14 +
 partner_phonecall_schedule/i18n/am.po              |  85 ++++
 partner_phonecall_schedule/i18n/ar.po              |  71 ++++
 partner_phonecall_schedule/i18n/bg.po              |  70 ++++
 partner_phonecall_schedule/i18n/bs.po              |  71 ++++
 partner_phonecall_schedule/i18n/ca.po              |  70 ++++
 partner_phonecall_schedule/i18n/cs.po              |  70 ++++
 partner_phonecall_schedule/i18n/cs_CZ.po           |  71 ++++
 partner_phonecall_schedule/i18n/da.po              |  70 ++++
 partner_phonecall_schedule/i18n/de.po              |  72 ++++
 partner_phonecall_schedule/i18n/el_GR.po           |  71 ++++
 partner_phonecall_schedule/i18n/en_GB.po           |  71 ++++
 partner_phonecall_schedule/i18n/es.po              |  71 ++++
 partner_phonecall_schedule/i18n/es_CR.po           |  71 ++++
 partner_phonecall_schedule/i18n/es_EC.po           |  71 ++++
 partner_phonecall_schedule/i18n/es_MX.po           |  71 ++++
 partner_phonecall_schedule/i18n/es_VE.po           |  71 ++++
 partner_phonecall_schedule/i18n/et.po              |  70 ++++
 partner_phonecall_schedule/i18n/eu.po              |  70 ++++
 partner_phonecall_schedule/i18n/fi.po              |  70 ++++
 partner_phonecall_schedule/i18n/fr.po              |  70 ++++
 partner_phonecall_schedule/i18n/fr_CA.po           |  71 ++++
 partner_phonecall_schedule/i18n/fr_CH.po           |  71 ++++
 partner_phonecall_schedule/i18n/gl.po              |  70 ++++
 partner_phonecall_schedule/i18n/hr.po              |  71 ++++
 partner_phonecall_schedule/i18n/hr_HR.po           |  72 ++++
 partner_phonecall_schedule/i18n/hu.po              |  70 ++++
 partner_phonecall_schedule/i18n/it.po              |  70 ++++
 partner_phonecall_schedule/i18n/ja.po              |  70 ++++
 partner_phonecall_schedule/i18n/lt.po              |  71 ++++
 partner_phonecall_schedule/i18n/lv.po              |  71 ++++
 partner_phonecall_schedule/i18n/mk.po              |  70 ++++
 partner_phonecall_schedule/i18n/mn.po              |  70 ++++
 partner_phonecall_schedule/i18n/nb.po              |  71 ++++
 partner_phonecall_schedule/i18n/nb_NO.po           |  71 ++++
 partner_phonecall_schedule/i18n/nl.po              |  70 ++++
 partner_phonecall_schedule/i18n/nl_BE.po           |  71 ++++
 partner_phonecall_schedule/i18n/nl_NL.po           |  71 ++++
 .../i18n/partner_phonecall_schedule.pot            |  80 ++++
 partner_phonecall_schedule/i18n/pl.po              |  72 ++++
 partner_phonecall_schedule/i18n/pt.po              |  70 ++++
 partner_phonecall_schedule/i18n/pt_BR.po           |  71 ++++
 partner_phonecall_schedule/i18n/pt_PT.po           |  71 ++++
 partner_phonecall_schedule/i18n/ro.po              |  71 ++++
 partner_phonecall_schedule/i18n/ru.po              |  72 ++++
 partner_phonecall_schedule/i18n/sk.po              |  70 ++++
 partner_phonecall_schedule/i18n/sl.po              |  71 ++++
 partner_phonecall_schedule/i18n/sr@latin.po        |  72 ++++
 partner_phonecall_schedule/i18n/sv.po              |  70 ++++
 partner_phonecall_schedule/i18n/th.po              |  70 ++++
 partner_phonecall_schedule/i18n/tr.po              |  70 ++++
 partner_phonecall_schedule/i18n/tr_TR.po           |  71 ++++
 partner_phonecall_schedule/i18n/vi.po              |  70 ++++
 partner_phonecall_schedule/i18n/zh_CN.po           |  71 ++++
 partner_phonecall_schedule/i18n/zh_TW.po           |  71 ++++
 partner_phonecall_schedule/models/__init__.py      |   3 +
 partner_phonecall_schedule/models/res_partner.py   |  76 ++++
 partner_phonecall_schedule/readme/CONTRIBUTORS.rst |   6 +
 partner_phonecall_schedule/readme/DESCRIPTION.rst  |   2 +
 partner_phonecall_schedule/readme/USAGE.rst        |  12 +
 .../security/ir.model.access.csv                   |   3 +
 .../static/description/icon.png                    | Bin 0 -> 9455 bytes
 .../static/description/index.html                  | 442 +++++++++++++++++++++
 partner_phonecall_schedule/tests/__init__.py       |   3 +
 partner_phonecall_schedule/tests/test_schedule.py  | 181 +++++++++
 .../views/res_partner_view.xml                     |  43 ++
 .../i18n/partner_tier_validation.pot               |   5 +
 partner_title_order/README.rst                     |  83 ++++
 partner_title_order/__init__.py                    |   1 +
 partner_title_order/__manifest__.py                |  18 +
 partner_title_order/i18n/partner_title_order.pot   |  39 ++
 partner_title_order/models/__init__.py             |   1 +
 partner_title_order/models/res_partner_title.py    |  11 +
 partner_title_order/readme/CONTRIBUTORS.rst        |   3 +
 partner_title_order/readme/CREDITS.rst             |   4 +
 partner_title_order/readme/DESCRIPTION.rst         |   1 +
 partner_title_order/static/description/icon.png    | Bin 0 -> 9455 bytes
 partner_title_order/static/description/index.html  | 436 ++++++++++++++++++++
 partner_title_order/tests/__init__.py              |   1 +
 partner_title_order/tests/test_partner_title.py    |  33 ++
 .../views/res_partner_title_views.xml              |  26 ++
 setup/_metapackage/VERSION.txt                     |   2 +-
 setup/_metapackage/setup.py                        |   2 +
 .../odoo/addons/partner_phonecall_schedule         |   1 +
 setup/partner_phonecall_schedule/setup.py          |   6 +
 .../odoo/addons/partner_title_order                |   1 +
 setup/partner_title_order/setup.py                 |   6 +
 169 files changed, 7590 insertions(+), 564 deletions(-)
 delete mode 100644 CONTRIBUTING.md
 create mode 100644 partner_contact_personal_information_page/i18n/pt.po
 create mode 100644 partner_phonecall_schedule/README.rst
 create mode 100644 partner_phonecall_schedule/__init__.py
 create mode 100644 partner_phonecall_schedule/__manifest__.py
 create mode 100644 partner_phonecall_schedule/i18n/am.po
 create mode 100644 partner_phonecall_schedule/i18n/ar.po
 create mode 100644 partner_phonecall_schedule/i18n/bg.po
 create mode 100644 partner_phonecall_schedule/i18n/bs.po
 create mode 100644 partner_phonecall_schedule/i18n/ca.po
 create mode 100644 partner_phonecall_schedule/i18n/cs.po
 create mode 100644 partner_phonecall_schedule/i18n/cs_CZ.po
 create mode 100644 partner_phonecall_schedule/i18n/da.po
 create mode 100644 partner_phonecall_schedule/i18n/de.po
 create mode 100644 partner_phonecall_schedule/i18n/el_GR.po
 create mode 100644 partner_phonecall_schedule/i18n/en_GB.po
 create mode 100644 partner_phonecall_schedule/i18n/es.po
 create mode 100644 partner_phonecall_schedule/i18n/es_CR.po
 create mode 100644 partner_phonecall_schedule/i18n/es_EC.po
 create mode 100644 partner_phonecall_schedule/i18n/es_MX.po
 create mode 100644 partner_phonecall_schedule/i18n/es_VE.po
 create mode 100644 partner_phonecall_schedule/i18n/et.po
 create mode 100644 partner_phonecall_schedule/i18n/eu.po
 create mode 100644 partner_phonecall_schedule/i18n/fi.po
 create mode 100644 partner_phonecall_schedule/i18n/fr.po
 create mode 100644 partner_phonecall_schedule/i18n/fr_CA.po
 create mode 100644 partner_phonecall_schedule/i18n/fr_CH.po
 create mode 100644 partner_phonecall_schedule/i18n/gl.po
 create mode 100644 partner_phonecall_schedule/i18n/hr.po
 create mode 100644 partner_phonecall_schedule/i18n/hr_HR.po
 create mode 100644 partner_phonecall_schedule/i18n/hu.po
 create mode 100644 partner_phonecall_schedule/i18n/it.po
 create mode 100644 partner_phonecall_schedule/i18n/ja.po
 create mode 100644 partner_phonecall_schedule/i18n/lt.po
 create mode 100644 partner_phonecall_schedule/i18n/lv.po
 create mode 100644 partner_phonecall_schedule/i18n/mk.po
 create mode 100644 partner_phonecall_schedule/i18n/mn.po
 create mode 100644 partner_phonecall_schedule/i18n/nb.po
 create mode 100644 partner_phonecall_schedule/i18n/nb_NO.po
 create mode 100644 partner_phonecall_schedule/i18n/nl.po
 create mode 100644 partner_phonecall_schedule/i18n/nl_BE.po
 create mode 100644 partner_phonecall_schedule/i18n/nl_NL.po
 create mode 100644 partner_phonecall_schedule/i18n/partner_phonecall_schedule.pot
 create mode 100644 partner_phonecall_schedule/i18n/pl.po
 create mode 100644 partner_phonecall_schedule/i18n/pt.po
 create mode 100644 partner_phonecall_schedule/i18n/pt_BR.po
 create mode 100644 partner_phonecall_schedule/i18n/pt_PT.po
 create mode 100644 partner_phonecall_schedule/i18n/ro.po
 create mode 100644 partner_phonecall_schedule/i18n/ru.po
 create mode 100644 partner_phonecall_schedule/i18n/sk.po
 create mode 100644 partner_phonecall_schedule/i18n/sl.po
 create mode 100644 partner_phonecall_schedule/i18n/sr@latin.po
 create mode 100644 partner_phonecall_schedule/i18n/sv.po
 create mode 100644 partner_phonecall_schedule/i18n/th.po
 create mode 100644 partner_phonecall_schedule/i18n/tr.po
 create mode 100644 partner_phonecall_schedule/i18n/tr_TR.po
 create mode 100644 partner_phonecall_schedule/i18n/vi.po
 create mode 100644 partner_phonecall_schedule/i18n/zh_CN.po
 create mode 100644 partner_phonecall_schedule/i18n/zh_TW.po
 create mode 100644 partner_phonecall_schedule/models/__init__.py
 create mode 100644 partner_phonecall_schedule/models/res_partner.py
 create mode 100644 partner_phonecall_schedule/readme/CONTRIBUTORS.rst
 create mode 100644 partner_phonecall_schedule/readme/DESCRIPTION.rst
 create mode 100644 partner_phonecall_schedule/readme/USAGE.rst
 create mode 100644 partner_phonecall_schedule/security/ir.model.access.csv
 create mode 100644 partner_phonecall_schedule/static/description/icon.png
 create mode 100644 partner_phonecall_schedule/static/description/index.html
 create mode 100644 partner_phonecall_schedule/tests/__init__.py
 create mode 100644 partner_phonecall_schedule/tests/test_schedule.py
 create mode 100644 partner_phonecall_schedule/views/res_partner_view.xml
 create mode 100644 partner_title_order/README.rst
 create mode 100644 partner_title_order/__init__.py
 create mode 100644 partner_title_order/__manifest__.py
 create mode 100644 partner_title_order/i18n/partner_title_order.pot
 create mode 100644 partner_title_order/models/__init__.py
 create mode 100644 partner_title_order/models/res_partner_title.py
 create mode 100644 partner_title_order/readme/CONTRIBUTORS.rst
 create mode 100644 partner_title_order/readme/CREDITS.rst
 create mode 100644 partner_title_order/readme/DESCRIPTION.rst
 create mode 100644 partner_title_order/static/description/icon.png
 create mode 100644 partner_title_order/static/description/index.html
 create mode 100644 partner_title_order/tests/__init__.py
 create mode 100644 partner_title_order/tests/test_partner_title.py
 create mode 100644 partner_title_order/views/res_partner_title_views.xml
 create mode 120000 setup/partner_phonecall_schedule/odoo/addons/partner_phonecall_schedule
 create mode 100644 setup/partner_phonecall_schedule/setup.py
 create mode 120000 setup/partner_title_order/odoo/addons/partner_title_order
 create mode 100644 setup/partner_title_order/setup.py
./server-tools
From https://github.com/oca/server-tools
 * branch                14.0       -> FETCH_HEAD
   83ec8f1e7..75e26ce07  14.0       -> origin/14.0
Updating 83ec8f1e7..75e26ce07
Fast-forward
 .copier-answers.yml                                |   4 +-
 .eslintrc.yml                                      |   6 +
 .github/workflows/pre-commit.yml                   |   5 +-
 .travis.yml                                        |  10 +-
 CONTRIBUTING.md                                    |  10 -
 README.md                                          |   4 +-
 base_jsonify/__manifest__.py                       |   2 +-
 base_jsonify/models/models.py                      |   4 +
 base_jsonify/tests/test_get_parser.py              |  27 ++
 dbfilter_from_header/README.rst                    | 124 ++++++
 dbfilter_from_header/__init__.py                   |   1 +
 dbfilter_from_header/__manifest__.py               |  17 +
 dbfilter_from_header/i18n/dbfilter_from_header.pot |  13 +
 dbfilter_from_header/i18n/zh_CN.po                 |   0
 dbfilter_from_header/override.py                   |  29 ++
 dbfilter_from_header/readme/CONFIGURE.rst          |  18 +
 dbfilter_from_header/readme/CONTRIBUTORS.rst       |  11 +
 dbfilter_from_header/readme/DESCRIPTION.rst        |   3 +
 dbfilter_from_header/readme/INSTALL.rst            |   7 +
 dbfilter_from_header/readme/USAGE.rst              |   2 +
 dbfilter_from_header/static/description/icon.png   | Bin 0 -> 9455 bytes
 dbfilter_from_header/static/description/index.html | 464 +++++++++++++++++++++
 sequence_python/README.rst                         | 114 +++++
 sequence_python/__init__.py                        |   1 +
 sequence_python/__manifest__.py                    |  13 +
 sequence_python/i18n/sequence_python.pot           | 128 ++++++
 sequence_python/models/__init__.py                 |   1 +
 sequence_python/models/ir_sequence.py              |  85 ++++
 sequence_python/readme/CONTRIBUTORS.rst            |   2 +
 sequence_python/readme/DESCRIPTION.rst             |  16 +
 sequence_python/readme/USAGE.rst                   |  21 +
 sequence_python/static/description/icon.png        | Bin 0 -> 9455 bytes
 sequence_python/static/description/index.html      | 456 ++++++++++++++++++++
 sequence_python/tests/__init__.py                  |   3 +
 sequence_python/tests/test_ir_sequence.py          |  40 ++
 sequence_python/views/ir_sequence.xml              |  52 +++
 setup/_metapackage/VERSION.txt                     |   2 +-
 setup/_metapackage/setup.py                        |   2 +
 .../odoo/addons/dbfilter_from_header               |   1 +
 setup/dbfilter_from_header/setup.py                |   6 +
 setup/sequence_python/odoo/addons/sequence_python  |   1 +
 setup/sequence_python/setup.py                     |   6 +
 42 files changed, 1690 insertions(+), 21 deletions(-)
 delete mode 100644 CONTRIBUTING.md
 create mode 100644 dbfilter_from_header/README.rst
 create mode 100644 dbfilter_from_header/__init__.py
 create mode 100644 dbfilter_from_header/__manifest__.py
 create mode 100644 dbfilter_from_header/i18n/dbfilter_from_header.pot
 create mode 100644 dbfilter_from_header/i18n/zh_CN.po
 create mode 100644 dbfilter_from_header/override.py
 create mode 100644 dbfilter_from_header/readme/CONFIGURE.rst
 create mode 100644 dbfilter_from_header/readme/CONTRIBUTORS.rst
 create mode 100644 dbfilter_from_header/readme/DESCRIPTION.rst
 create mode 100644 dbfilter_from_header/readme/INSTALL.rst
 create mode 100644 dbfilter_from_header/readme/USAGE.rst
 create mode 100644 dbfilter_from_header/static/description/icon.png
 create mode 100644 dbfilter_from_header/static/description/index.html
 create mode 100644 sequence_python/README.rst
 create mode 100644 sequence_python/__init__.py
 create mode 100644 sequence_python/__manifest__.py
 create mode 100644 sequence_python/i18n/sequence_python.pot
 create mode 100644 sequence_python/models/__init__.py
 create mode 100644 sequence_python/models/ir_sequence.py
 create mode 100644 sequence_python/readme/CONTRIBUTORS.rst
 create mode 100644 sequence_python/readme/DESCRIPTION.rst
 create mode 100644 sequence_python/readme/USAGE.rst
 create mode 100644 sequence_python/static/description/icon.png
 create mode 100644 sequence_python/static/description/index.html
 create mode 100644 sequence_python/tests/__init__.py
 create mode 100644 sequence_python/tests/test_ir_sequence.py
 create mode 100644 sequence_python/views/ir_sequence.xml
 create mode 120000 setup/dbfilter_from_header/odoo/addons/dbfilter_from_header
 create mode 100644 setup/dbfilter_from_header/setup.py
 create mode 120000 setup/sequence_python/odoo/addons/sequence_python
 create mode 100644 setup/sequence_python/setup.py
./server-ux
From https://github.com/oca/server-ux
 * branch            14.0       -> FETCH_HEAD
   6dcf4ae..d9aace5  14.0       -> origin/14.0
Updating 6dcf4ae..d9aace5
Fast-forward
 .copier-answers.yml                                      |  2 +-
 .eslintrc.yml                                            |  6 ++++++
 .github/workflows/pre-commit.yml                         |  5 ++++-
 CONTRIBUTING.md                                          | 10 ----------
 README.md                                                |  2 +-
 base_tier_validation/__manifest__.py                     |  2 +-
 base_tier_validation/i18n/base_tier_validation.pot       | 11 +++++++++++
 base_tier_validation/i18n/es.po                          | 11 +++++++++++
 base_tier_validation/i18n/es_MX.po                       | 14 +++++++++++++-
 base_tier_validation/i18n/fr.po                          | 11 +++++++++++
 base_tier_validation/i18n/it.po                          | 11 +++++++++++
 base_tier_validation/i18n/nl_NL.po                       | 11 +++++++++++
 base_tier_validation/i18n/zh_CN.po                       | 11 +++++++++++
 base_tier_validation/models/tier_validation.py           |  8 ++++++++
 .../templates/tier_validation_templates.xml              |  1 +
 mass_editing/i18n/it.po                                  | 16 ++++++++--------
 16 files changed, 109 insertions(+), 23 deletions(-)
 delete mode 100644 CONTRIBUTING.md
./web
From https://github.com/oca/web
 * branch              14.0       -> FETCH_HEAD
   b30b0a90..50413d74  14.0       -> origin/14.0
Updating b30b0a90..50413d74
Fast-forward
 .copier-answers.yml                            |  2 +-
 .eslintrc.yml                                  |  6 ++++++
 .github/workflows/pre-commit.yml               |  5 ++++-
 CONTRIBUTING.md                                | 10 ----------
 README.md                                      |  2 +-
 web_responsive/__manifest__.py                 |  2 +-
 web_responsive/static/src/js/web_responsive.js |  7 ++++---
 7 files changed, 17 insertions(+), 17 deletions(-)
 delete mode 100644 CONTRIBUTING.md
